Using pre-set license
Built from '2020.3/staging' branch; Version is '2020.3.30f1 (1fb1bf06830e) revision 2077119'; Using compiler version '192528614'; Build Type 'Release'
OS: 'Windows 11  (10.0.22000) 64bit Professional' Language: 'ko' Physical Memory: 32584 MB
BatchMode: 1, IsHumanControllingUs: 0, StartBugReporterOnCrash: 0, Is64bit: 1, IsPro: 0

COMMAND LINE ARGUMENTS:
C:\Program Files\Unity\Hub\Editor\2020.3.30f1\Editor\Unity.exe
-adb2
-batchMode
-noUpm
-name
AssetImportWorker0
-projectPath
C:/Users/USER/My project
-logFile
Logs/AssetImportWorker0.log
-srvPort
61386
Successfully changed project path to: C:/Users/USER/My project
C:/Users/USER/My project
Using Asset Import Pipeline V2.
Refreshing native plugins compatible for Editor in 37.48 ms, found 2 plugins.
Preloading 0 native plugins for Editor in 0.00 ms.
Initialize engine version: 2020.3.30f1 (1fb1bf06830e)
[Subsystems] Discovering subsystems at path C:/Program Files/Unity/Hub/Editor/2020.3.30f1/Editor/Data/Resources/UnitySubsystems
[Subsystems] Discovering subsystems at path C:/Users/USER/My project/Assets
GfxDevice: creating device client; threaded=0
Direct3D:
    Version:  Direct3D 11.0 [level 11.1]
    Renderer: NVIDIA GeForce RTX 3060 Laptop GPU (ID=0x2520)
    Vendor:   
    VRAM:     6023 MB
    Driver:   30.0.14.7288
Initialize mono
Mono path[0] = 'C:/Program Files/Unity/Hub/Editor/2020.3.30f1/Editor/Data/Managed'
Mono path[1] = 'C:/Program Files/Unity/Hub/Editor/2020.3.30f1/Editor/Data/MonoBleedingEdge/lib/mono/unityjit'
Mono config path = 'C:/Program Files/Unity/Hub/Editor/2020.3.30f1/Editor/Data/MonoBleedingEdge/etc'
Using monoOptions --debugger-agent=transport=dt_socket,embedding=1,server=y,suspend=n,address=127.0.0.1:56300
Begin MonoManager ReloadAssembly
Registering precompiled unity dll's ...
Register platform support module: C:/Program Files/Unity/Hub/Editor/2020.3.30f1/Editor/Data/PlaybackEngines/WebGLSupport/UnityEditor.WebGL.Extensions.dll
Register platform support module: C:/Program Files/Unity/Hub/Editor/2020.3.30f1/Editor/Data/PlaybackEngines/WindowsStandaloneSupport/UnityEditor.WindowsStandalone.Extensions.dll
Registered in 0.003221 seconds.
Native extension for WindowsStandalone target not found
Native extension for WebGL target not found
Refreshing native plugins compatible for Editor in 35.19 ms, found 2 plugins.
Preloading 0 native plugins for Editor in 0.00 ms.
Mono: successfully reloaded assembly
- Completed reload, in  0.528 seconds
Domain Reload Profiling:
	ReloadAssembly (528ms)
		BeginReloadAssembly (77ms)
			ExecutionOrderSort (0ms)
			DisableScriptedObjects (0ms)
			BackupInstance (0ms)
			ReleaseScriptingObjects (0ms)
			CreateAndSetChildDomain (1ms)
		EndReloadAssembly (380ms)
			LoadAssemblies (75ms)
			RebuildTransferFunctionScriptingTraits (0ms)
			SetupTypeCache (130ms)
			ReleaseScriptCaches (0ms)
			RebuildScriptCaches (25ms)
			SetupLoadedEditorAssemblies (140ms)
				LogAssemblyErrors (0ms)
				InitializePlatformSupportModulesInManaged (5ms)
				SetLoadedEditorAssemblies (0ms)
				RefreshPlugins (35ms)
				BeforeProcessingInitializeOnLoad (7ms)
				ProcessInitializeOnLoadAttributes (69ms)
				ProcessInitializeOnLoadMethodAttributes (23ms)
				AfterProcessingInitializeOnLoad (0ms)
				EditorAssembliesLoaded (0ms)
			ExecutionOrderSort2 (0ms)
			AwakeInstancesAfterBackupRestoration (0ms)
Platform modules already initialized, skipping
Registering precompiled user dll's ...
Registered in 0.004058 seconds.
Begin MonoManager ReloadAssembly
Native extension for WindowsStandalone target not found
Native extension for WebGL target not found
Refreshing native plugins compatible for Editor in 0.43 ms, found 2 plugins.
Preloading 0 native plugins for Editor in 0.00 ms.
Mono: successfully reloaded assembly
- Completed reload, in  0.960 seconds
Domain Reload Profiling:
	ReloadAssembly (961ms)
		BeginReloadAssembly (165ms)
			ExecutionOrderSort (0ms)
			DisableScriptedObjects (5ms)
			BackupInstance (0ms)
			ReleaseScriptingObjects (0ms)
			CreateAndSetChildDomain (16ms)
		EndReloadAssembly (734ms)
			LoadAssemblies (113ms)
			RebuildTransferFunctionScriptingTraits (0ms)
			SetupTypeCache (254ms)
			ReleaseScriptCaches (0ms)
			RebuildScriptCaches (39ms)
			SetupLoadedEditorAssemblies (267ms)
				LogAssemblyErrors (0ms)
				InitializePlatformSupportModulesInManaged (5ms)
				SetLoadedEditorAssemblies (0ms)
				RefreshPlugins (1ms)
				BeforeProcessingInitializeOnLoad (54ms)
				ProcessInitializeOnLoadAttributes (189ms)
				ProcessInitializeOnLoadMethodAttributes (8ms)
				AfterProcessingInitializeOnLoad (10ms)
				EditorAssembliesLoaded (0ms)
			ExecutionOrderSort2 (0ms)
			AwakeInstancesAfterBackupRestoration (6ms)
Platform modules already initialized, skipping
========================================================================
Worker process is ready to serve import requests
Launched and connected shader compiler UnityShaderCompiler.exe after 0.05 seconds
Refreshing native plugins compatible for Editor in 0.38 ms, found 2 plugins.
Preloading 0 native plugins for Editor in 0.00 ms.
Unloading 1634 Unused Serialized files (Serialized files now loaded: 0)
System memory in use before: 170.8 MB.
System memory in use after: 170.5 MB.

Unloading 18 unused Assets to reduce memory usage. Loaded Objects now: 2099.
Total: 2.564000 ms (FindLiveObjects: 0.127000 ms CreateObjectMapping: 0.057900 ms MarkObjects: 2.095100 ms  DeleteObjects: 0.283300 ms)

AssetImportParameters requested are different than current active one (requested -> active):
  custom:framework-win-MediaFoundation: 216162199b28c13a410421893ffa2e32 -> 
  custom:video-decoder-ogg-theora: a1e56fd34408186e4bbccfd4996cb3dc -> 
  custom:container-muxer-webm: aa71ff27fc2769a1b78a27578f13a17b -> 
  custom:container-demuxer-webm: 4f35f7cbe854078d1ac9338744f61a02 -> 
  custom:container-demuxer-ogg: 62fdf1f143b41e24485cea50d1cbac27 -> 
  custom:video-encoder-webm-vp8: eb34c28f22e8b96e1ab97ce403110664 -> 
  custom:video-decoder-webm-vp8: 9c59270c3fd7afecdb556c50c9e8de78 -> 
  custom:audio-decoder-ogg-vorbis: bf7c407c2cedff20999df2af8eb42d56 -> 
  custom:audio-encoder-webm-vorbis: bf7c407c2cedff20999df2af8eb42d56 -> 
========================================================================
Received Import Request.
  path: Assets/New Terrain.asset
  artifactKey: Guid(40010ed05089739419fc36a4e8f05607) Importer(815301076,1909f56bfc062723c751e8b465ee728b)
Start importing Assets/New Terrain.asset using Guid(40010ed05089739419fc36a4e8f05607) Importer(815301076,1909f56bfc062723c751e8b465ee728b)  -> (artifact id: 'ccafa666181e7d6950fd1f889603660f') in 0.049260 seconds 
========================================================================
Received Import Request.
  Time since last request: 0.000221 seconds.
  path: Assets/New Terrain 2.asset
  artifactKey: Guid(411e6dd6a5dd09347a2b94f872b3dc1d) Importer(815301076,1909f56bfc062723c751e8b465ee728b)
Start importing Assets/New Terrain 2.asset using Guid(411e6dd6a5dd09347a2b94f872b3dc1d) Importer(815301076,1909f56bfc062723c751e8b465ee728b)  -> (artifact id: 'bd9618aa5aac3e7ab555b4455732edb8') in 0.009114 seconds 
========================================================================
Received Import Request.
  Time since last request: 0.000221 seconds.
  path: Assets/New Terrain 1.asset
  artifactKey: Guid(dbdae283c84533648838db2e6549227b) Importer(815301076,1909f56bfc062723c751e8b465ee728b)
Start importing Assets/New Terrain 1.asset using Guid(dbdae283c84533648838db2e6549227b) Importer(815301076,1909f56bfc062723c751e8b465ee728b)  -> (artifact id: 'd25427b439d4a1fc8f109ba1db9427c5') in 0.064181 seconds 
========================================================================
Received Import Request.
  Time since last request: 300.021179 seconds.
  path: Assets/Standard Assets/PhysicsMaterials/Bouncy.physicmaterial
  artifactKey: Guid(9f93f63d068b08c459038c40fce897d8) Importer(815301076,1909f56bfc062723c751e8b465ee728b)
Start importing Assets/Standard Assets/PhysicsMaterials/Bouncy.physicmaterial using Guid(9f93f63d068b08c459038c40fce897d8) Importer(815301076,1909f56bfc062723c751e8b465ee728b)  -> (artifact id: '1e07dac7eeb90c2b85db4c636021be61') in 0.011517 seconds 
========================================================================
Received Import Request.
  Time since last request: 0.000189 seconds.
  path: Assets/Standard Assets/PhysicsMaterials/Ice.physicmaterial
  artifactKey: Guid(ba92fb44336020f40bdf294bb66bc9da) Importer(815301076,1909f56bfc062723c751e8b465ee728b)
Start importing Assets/Standard Assets/PhysicsMaterials/Ice.physicmaterial using Guid(ba92fb44336020f40bdf294bb66bc9da) Importer(815301076,1909f56bfc062723c751e8b465ee728b)  -> (artifact id: 'c5704ee759da82a3b18d79a7bf7ec4c1') in 0.005239 seconds 
========================================================================
Received Import Request.
  Time since last request: 0.000186 seconds.
  path: Assets/Standard Assets/PhysicsMaterials/Rubber.physicmaterial
  artifactKey: Guid(52baaeb214519f347a35cf0edfd262ff) Importer(815301076,1909f56bfc062723c751e8b465ee728b)
Start importing Assets/Standard Assets/PhysicsMaterials/Rubber.physicmaterial using Guid(52baaeb214519f347a35cf0edfd262ff) Importer(815301076,1909f56bfc062723c751e8b465ee728b)  -> (artifact id: 'f7501e48520fda56fa95be1ce472ef1b') in 0.005692 seconds 
========================================================================
Received Import Request.
  Time since last request: 0.000231 seconds.
  path: Assets/Standard Assets/PhysicsMaterials/Wood.physicmaterial
  artifactKey: Guid(3aeb7dadc0c69d54d9e5777e9d5631f1) Importer(815301076,1909f56bfc062723c751e8b465ee728b)
Start importing Assets/Standard Assets/PhysicsMaterials/Wood.physicmaterial using Guid(3aeb7dadc0c69d54d9e5777e9d5631f1) Importer(815301076,1909f56bfc062723c751e8b465ee728b)  -> (artifact id: '21f7c58829fdefed9c4f2fe7abce39cb') in 0.005549 seconds 
========================================================================
Received Import Request.
  Time since last request: 0.000197 seconds.
  path: Assets/Standard Assets/PhysicsMaterials/ZeroFriction.physicMaterial
  artifactKey: Guid(c2815a7ab32e42c4bb42f59caacb8ec1) Importer(815301076,1909f56bfc062723c751e8b465ee728b)
Start importing Assets/Standard Assets/PhysicsMaterials/ZeroFriction.physicMaterial using Guid(c2815a7ab32e42c4bb42f59caacb8ec1) Importer(815301076,1909f56bfc062723c751e8b465ee728b)  -> (artifact id: 'dfe4c84a5153d5e5896b44c224dd6011') in 0.010244 seconds 
========================================================================
Received Import Request.
  Time since last request: 0.000193 seconds.
  path: Assets/Standard Assets/PhysicsMaterials/MaxFriction.physicMaterial
  artifactKey: Guid(e52fb17f9b1e7fd48b8955f1391d3688) Importer(815301076,1909f56bfc062723c751e8b465ee728b)
Start importing Assets/Standard Assets/PhysicsMaterials/MaxFriction.physicMaterial using Guid(e52fb17f9b1e7fd48b8955f1391d3688) Importer(815301076,1909f56bfc062723c751e8b465ee728b)  -> (artifact id: '4e220d6d0c0c2b342814daf20f7242e3') in 0.006005 seconds 
========================================================================
Received Import Request.
  Time since last request: 0.000343 seconds.
  path: Assets/Standard Assets/PhysicsMaterials/Metal.physicmaterial
  artifactKey: Guid(01571ba68fb2dad46aa03094ab219579) Importer(815301076,1909f56bfc062723c751e8b465ee728b)
Start importing Assets/Standard Assets/PhysicsMaterials/Metal.physicmaterial using Guid(01571ba68fb2dad46aa03094ab219579) Importer(815301076,1909f56bfc062723c751e8b465ee728b)  -> (artifact id: '761090554541bae1aad8ab42e9161b3a') in 0.005225 seconds 
========================================================================
Received Import Request.
  Time since last request: 1607.459578 seconds.
  path: Assets/ASTROFISH_GAMES/MEDIEVAL_SERIES/MEDIEVAL_VILLAGE/MEDIEVAL_VILLLAGE_HD_DEMO/AstroCommon/FullPack/ASTROFISH_DETAILED_MedievalVillage_Full.tif
  artifactKey: Guid(e4bcd7e2d5523324daec46b2fabf3e7a) Importer(815301076,1909f56bfc062723c751e8b465ee728b)
Start importing Assets/ASTROFISH_GAMES/MEDIEVAL_SERIES/MEDIEVAL_VILLAGE/MEDIEVAL_VILLLAGE_HD_DEMO/AstroCommon/FullPack/ASTROFISH_DETAILED_MedievalVillage_Full.tif using Guid(e4bcd7e2d5523324daec46b2fabf3e7a) Importer(815301076,1909f56bfc062723c751e8b465ee728b)  -> (artifact id: 'b128c9a0c5ffccedf0c0e6eb7b17f816') in 0.075937 seconds 
========================================================================
Received Import Request.
  Time since last request: 0.000178 seconds.
  path: Assets/ASTROFISH_GAMES/MEDIEVAL_SERIES/MEDIEVAL_VILLAGE/MEDIEVAL_VILLLAGE_HD_DEMO/AstroCommon/FullPack/ASTROFISH_POLYSTYLE_MedievalVillage_Full.tif
  artifactKey: Guid(6bc6a6df00d27fd4089a8ab779e5d54c) Importer(815301076,1909f56bfc062723c751e8b465ee728b)
Start importing Assets/ASTROFISH_GAMES/MEDIEVAL_SERIES/MEDIEVAL_VILLAGE/MEDIEVAL_VILLLAGE_HD_DEMO/AstroCommon/FullPack/ASTROFISH_POLYSTYLE_MedievalVillage_Full.tif using Guid(6bc6a6df00d27fd4089a8ab779e5d54c) Importer(815301076,1909f56bfc062723c751e8b465ee728b)  -> (artifact id: '1b9218f80da4168af39a43eeec9bd95f') in 0.030887 seconds 
========================================================================
Received Import Request.
  Time since last request: 0.679311 seconds.
  path: Assets/ASTROFISH_GAMES/MEDIEVAL_SERIES/MEDIEVAL_VILLAGE/MEDIEVAL_VILLLAGE_HD_DEMO/AstroCommon/Default_Materials/Materials/AstrofishGamesDiscord.png
  artifactKey: Guid(ae2631e12ef5d484391568bf3eea13fb) Importer(815301076,1909f56bfc062723c751e8b465ee728b)
Start importing Assets/ASTROFISH_GAMES/MEDIEVAL_SERIES/MEDIEVAL_VILLAGE/MEDIEVAL_VILLLAGE_HD_DEMO/AstroCommon/Default_Materials/Materials/AstrofishGamesDiscord.png using Guid(ae2631e12ef5d484391568bf3eea13fb) Importer(815301076,1909f56bfc062723c751e8b465ee728b)  -> (artifact id: '31da6ade334709a09fc880ffb981cce5') in 0.068827 seconds 
========================================================================
Received Import Request.
  Time since last request: 0.000265 seconds.
  path: Assets/ASTROFISH_GAMES/MEDIEVAL_SERIES/MEDIEVAL_VILLAGE/MEDIEVAL_VILLLAGE_HD_DEMO/AstroCommon/FullPack/Astyrofish_YOUTUBE.png
  artifactKey: Guid(6c807f883d9f1a44e8a39bc544898ea9) Importer(815301076,1909f56bfc062723c751e8b465ee728b)
Start importing Assets/ASTROFISH_GAMES/MEDIEVAL_SERIES/MEDIEVAL_VILLAGE/MEDIEVAL_VILLLAGE_HD_DEMO/AstroCommon/FullPack/Astyrofish_YOUTUBE.png using Guid(6c807f883d9f1a44e8a39bc544898ea9) Importer(815301076,1909f56bfc062723c751e8b465ee728b)  -> (artifact id: '715cae5c83f8b8227d70b31bf9339d16') in 0.054080 seconds 
